<?xml version="1.0" encoding="UTF-8" ?>
<testsuite tests="4" failures="0" name="dominio.controller.GestorRepartoVacunasTest" time="4.62" errors="0" skipped="0">
  <properties>
[...]
</properties>
  <testcase classname="dominio.controller.GestorRepartoVacunasTest" name="testAltaNuevoLoteVacunas1" time="0.017"/>
  <testcase classname="dominio.controller.GestorRepartoVacunasTest" name="testAltaNuevoLoteVacunas2" time="0.001"/>
  <testcase classname="dominio.controller.GestorRepartoVacunasTest" name="testAltaNuevoLoteVacunas3" time="4.6"/>
  <testcase classname="dominio.controller.GestorRepartoVacunasTest" name="testAltaNuevoLoteVacunas4" time="0.002"/>
</testsuite>