<?xml version="1.0" encoding="UTF-8" ?>
<testsuite tests="13" failures="1" name="dominio.entitymodel.LoteVacunasTest" time="5.459" errors="1" skipped="0">
  <properties>
[...]
</properties>
  <testcase classname="dominio.entitymodel.LoteVacunasTest" name="testGet_TipoVacunas" time="3.001"/>
  <testcase classname="dominio.entitymodel.LoteVacunasTest" name="testCalculoLotes" time="0.278"/>
  <testcase classname="dominio.entitymodel.LoteVacunasTest" name="testAltaNuevoLoteVacunas" time="0.853">
    <error message="Array index out of range: 0" type="java.lang.ArrayIndexOutOfBoundsException">java.lang.ArrayIndexOutOfBoundsException: Array index out of range: 0
	at java.base/java.util.Vector.get(Vector.java:780)
	at dominio.entitymodel.LoteVacunasTest.testAltaNuevoLoteVacunas(LoteVacunasTest.java:51)
	at java.base/jdk.internal.reflect.NativeMethodAccessorImpl.invoke0(Native Method)
	at java.base/jdk.internal.reflect.NativeMethodAccessorImpl.invoke(NativeMethodAccessorImpl.java:62)
	at java.base/jdk.internal.reflect.DelegatingMethodAccessorImpl.invoke(DelegatingMethodAccessorImpl.java:43)
	at java.base/java.lang.reflect.Method.invoke(Method.java:567)
	at org.junit.runners.model.FrameworkMethod$1.runReflectiveCall(FrameworkMethod.java:50)
	at org.junit.internal.runners.model.ReflectiveCallable.run(ReflectiveCallable.java:12)
	at org.junit.runners.model.FrameworkMethod.invokeExplosively(FrameworkMethod.java:47)
	at org.junit.internal.runners.statements.InvokeMethod.evaluate(InvokeMethod.java:17)
	at org.junit.internal.runners.statements.RunBefores.evaluate(RunBefores.java:26)
	at org.junit.internal.runners.statements.RunAfters.evaluate(RunAfters.java:27)
	at org.junit.runners.ParentRunner.runLeaf(ParentRunner.java:325)
	at org.junit.runners.BlockJUnit4ClassRunner.runChild(BlockJUnit4ClassRunner.java:78)
	at org.junit.runners.BlockJUnit4ClassRunner.runChild(BlockJUnit4ClassRunner.java:57)
	at org.junit.runners.ParentRunner$3.run(ParentRunner.java:290)
	at org.junit.runners.ParentRunner$1.schedule(ParentRunner.java:71)
	at org.junit.runners.ParentRunner.runChildren(ParentRunner.java:288)
	at org.junit.runners.ParentRunner.access$000(ParentRunner.java:58)
	at org.junit.runners.ParentRunner$2.evaluate(ParentRunner.java:268)
	at org.junit.runners.ParentRunner.run(ParentRunner.java:363)
	at org.apache.maven.surefire.junit4.JUnit4Provider.execute(JUnit4Provider.java:252)
	at org.apache.maven.surefire.junit4.JUnit4Provider.executeTestSet(JUnit4Provider.java:141)
	at org.apache.maven.surefire.junit4.JUnit4Provider.invoke(JUnit4Provider.java:112)
	at java.base/jdk.internal.reflect.NativeMethodAccessorImpl.invoke0(Native Method)
	at java.base/jdk.internal.reflect.NativeMethodAccessorImpl.invoke(NativeMethodAccessorImpl.java:62)
	at java.base/jdk.internal.reflect.DelegatingMethodAccessorImpl.invoke(DelegatingMethodAccessorImpl.java:43)
	at java.base/java.lang.reflect.Method.invoke(Method.java:567)
	at org.apache.maven.surefire.util.ReflectionUtils.invokeMethodWithArray(ReflectionUtils.java:189)
	at org.apache.maven.surefire.booter.ProviderFactory$ProviderProxy.invoke(ProviderFactory.java:165)
	at org.apache.maven.surefire.booter.ProviderFactory.invokeProvider(ProviderFactory.java:85)
	at org.apache.maven.surefire.booter.ForkedBooter.runSuitesInProcess(ForkedBooter.java:115)
	at org.apache.maven.surefire.booter.ForkedBooter.main(ForkedBooter.java:75)
</error>
    <system-out>in connectionjava.sql.SQLException: Meta-data for unknown could not be accessed to read /Users/fernando/Desktop/Universidad/TERCER CURSO/ISO II/ISO_II/SMF_SOFTWARE/iso2_db/seg0/c60.dat
in connectionjava.sql.SQLException: Meta-data for unknown could not be accessed to read /Users/fernando/Desktop/Universidad/TERCER CURSO/ISO II/ISO_II/SMF_SOFTWARE/iso2_db/seg0/c60.dat
in connectionjava.sql.SQLException: Meta-data for unknown could not be accessed to read /Users/fernando/Desktop/Universidad/TERCER CURSO/ISO II/ISO_II/SMF_SOFTWARE/iso2_db/seg0/c60.dat
in connectionjava.sql.SQLException: Meta-data for unknown could not be accessed to read /Users/fernando/Desktop/Universidad/TERCER CURSO/ISO II/ISO_II/SMF_SOFTWARE/iso2_db/seg0/c60.dat
in connectionjava.sql.SQLException: Meta-data for unknown could not be accessed to read /Users/fernando/Desktop/Universidad/TERCER CURSO/ISO II/ISO_II/SMF_SOFTWARE/iso2_db/seg0/c60.dat
</system-out>
  </testcase>
  <testcase classname="dominio.entitymodel.LoteVacunasTest" name="testGet_farmaceutica" time="0.082"/>
  <testcase classname="dominio.entitymodel.LoteVacunasTest" name="testGet_cantidad" time="0.131"/>
  <testcase classname="dominio.entitymodel.LoteVacunasTest" name="testGet_ListaLoteVacunas" time="0.105"/>
  <testcase classname="dominio.entitymodel.LoteVacunasTest" name="testSet_cantidad" time="0.214"/>
  <testcase classname="dominio.entitymodel.LoteVacunasTest" name="testLoteVacunas" time="0.089"/>
  <testcase classname="dominio.entitymodel.LoteVacunasTest" name="testSet_farmaceutica" time="0.131"/>
  <testcase classname="dominio.entitymodel.LoteVacunasTest" name="testGet_id" time="0.272">
    <failure message="expected:&lt;[lote_prueba]&gt; but was:&lt;[dominio.entitymodel.LoteVacunas@129c322f]&gt;" type="org.junit.ComparisonFailure">org.junit.ComparisonFailure: expected:&lt;[lote_prueba]&gt; but was:&lt;[dominio.entitymodel.LoteVacunas@129c322f]&gt;
	at org.junit.Assert.assertEquals(Assert.java:115)
	at org.junit.Assert.assertEquals(Assert.java:144)
	at dominio.entitymodel.LoteVacunasTest.testGet_id(LoteVacunasTest.java:79)
	at java.base/jdk.internal.reflect.NativeMethodAccessorImpl.invoke0(Native Method)
	at java.base/jdk.internal.reflect.NativeMethodAccessorImpl.invoke(NativeMethodAccessorImpl.java:62)
	at java.base/jdk.internal.reflect.DelegatingMethodAccessorImpl.invoke(DelegatingMethodAccessorImpl.java:43)
	at java.base/java.lang.reflect.Method.invoke(Method.java:567)
	at org.junit.runners.model.FrameworkMethod$1.runReflectiveCall(FrameworkMethod.java:50)
	at org.junit.internal.runners.model.ReflectiveCallable.run(ReflectiveCallable.java:12)
	at org.junit.runners.model.FrameworkMethod.invokeExplosively(FrameworkMethod.java:47)
	at org.junit.internal.runners.statements.InvokeMethod.evaluate(InvokeMethod.java:17)
	at org.junit.internal.runners.statements.RunBefores.evaluate(RunBefores.java:26)
	at org.junit.internal.runners.statements.RunAfters.evaluate(RunAfters.java:27)
	at org.junit.runners.ParentRunner.runLeaf(ParentRunner.java:325)
	at org.junit.runners.BlockJUnit4ClassRunner.runChild(BlockJUnit4ClassRunner.java:78)
	at org.junit.runners.BlockJUnit4ClassRunner.runChild(BlockJUnit4ClassRunner.java:57)
	at org.junit.runners.ParentRunner$3.run(ParentRunner.java:290)
	at org.junit.runners.ParentRunner$1.schedule(ParentRunner.java:71)
	at org.junit.runners.ParentRunner.runChildren(ParentRunner.java:288)
	at org.junit.runners.ParentRunner.access$000(ParentRunner.java:58)
	at org.junit.runners.ParentRunner$2.evaluate(ParentRunner.java:268)
	at org.junit.runners.ParentRunner.run(ParentRunner.java:363)
	at org.apache.maven.surefire.junit4.JUnit4Provider.execute(JUnit4Provider.java:252)
	at org.apache.maven.surefire.junit4.JUnit4Provider.executeTestSet(JUnit4Provider.java:141)
	at org.apache.maven.surefire.junit4.JUnit4Provider.invoke(JUnit4Provider.java:112)
	at java.base/jdk.internal.reflect.NativeMethodAccessorImpl.invoke0(Native Method)
	at java.base/jdk.internal.reflect.NativeMethodAccessorImpl.invoke(NativeMethodAccessorImpl.java:62)
	at java.base/jdk.internal.reflect.DelegatingMethodAccessorImpl.invoke(DelegatingMethodAccessorImpl.java:43)
	at java.base/java.lang.reflect.Method.invoke(Method.java:567)
	at org.apache.maven.surefire.util.ReflectionUtils.invokeMethodWithArray(ReflectionUtils.java:189)
	at org.apache.maven.surefire.booter.ProviderFactory$ProviderProxy.invoke(ProviderFactory.java:165)
	at org.apache.maven.surefire.booter.ProviderFactory.invokeProvider(ProviderFactory.java:85)
	at org.apache.maven.surefire.booter.ForkedBooter.runSuitesInProcess(ForkedBooter.java:115)
	at org.apache.maven.surefire.booter.ForkedBooter.main(ForkedBooter.java:75)
</failure>
    <system-out>in connectionjava.sql.SQLException: Meta-data for unknown could not be accessed to read /Users/fernando/Desktop/Universidad/TERCER CURSO/ISO II/ISO_II/SMF_SOFTWARE/iso2_db/seg0/c60.dat
in connectionjava.sql.SQLException: Meta-data for unknown could not be accessed to read /Users/fernando/Desktop/Universidad/TERCER CURSO/ISO II/ISO_II/SMF_SOFTWARE/iso2_db/seg0/c60.dat
</system-out>
  </testcase>
  <testcase classname="dominio.entitymodel.LoteVacunasTest" name="testSet_fecha" time="0.073"/>
  <testcase classname="dominio.entitymodel.LoteVacunasTest" name="testSet_id" time="0.122"/>
  <testcase classname="dominio.entitymodel.LoteVacunasTest" name="testGet_fecha" time="0.108"/>
</testsuite>